{"C:\\Users\\User\\Gauntlet\\practice\\LeafWise\\src\\app\\App.tsx": {"path":"C:\\Users\\User\\Gauntlet\\practice\\LeafWise\\src\\app\\App.tsx","statementMap":{"0":{"start":{"line":8,"column":0},"end":{"line":8,"column":44}},"1":{"start":{"line":9,"column":0},"end":{"line":9,"column":54}},"2":{"start":{"line":18,"column":2},"end":{"line":27,"column":4}},"3":{"start":{"line":30,"column":15},"end":{"line":58,"column":2}},"4":{"start":{"line":60,"column":0},"end":{"line":60,"column":19}}},"fnMap":{"0":{"name":"App","decl":{"start":{"line":17,"column":9},"end":{"line":17,"column":12}},"loc":{"start":{"line":17,"column":12},"end":{"line":28,"column":1}}}},"branchMap":{},"s":{"0":0,"1":0,"2":0,"3":0,"4":0},"f":{"0":0},"b":{}}
,"C:\\Users\\User\\Gauntlet\\practice\\LeafWise\\src\\features\\camera\\components\\CameraView.tsx": {"path":"C:\\Users\\User\\Gauntlet\\practice\\LeafWise\\src\\features\\camera\\components\\CameraView.tsx","statementMap":{"0":{"start":{"line":8,"column":0},"end":{"line":8,"column":null}},"1":{"start":{"line":14,"column":0},"end":{"line":14,"column":null}},"2":{"start":{"line":24,"column":0},"end":{"line":24,"column":77}},"3":{"start":{"line":25,"column":0},"end":{"line":25,"column":49}},"4":{"start":{"line":37,"column":0},"end":{"line":37,"column":86}},"5":{"start":{"line":39,"column":53},"end":{"line":39,"column":77}},"6":{"start":{"line":63,"column":40},"end":{"line":78,"column":4}},"7":{"start":{"line":80,"column":50},"end":{"line":80,"column":89}},"8":{"start":{"line":81,"column":44},"end":{"line":81,"column":91}},"9":{"start":{"line":82,"column":42},"end":{"line":82,"column":56}},"10":{"start":{"line":83,"column":36},"end":{"line":83,"column":47}},"11":{"start":{"line":85,"column":20},"end":{"line":85,"column":44}},"12":{"start":{"line":86,"column":29},"end":{"line":86,"column":64}},"13":{"start":{"line":91,"column":27},"end":{"line":130,"column":15}},"14":{"start":{"line":92,"column":4},"end":{"line":129,"column":5}},"15":{"start":{"line":93,"column":6},"end":{"line":93,"column":68}},"16":{"start":{"line":93,"column":30},"end":{"line":93,"column":65}},"17":{"start":{"line":95,"column":31},"end":{"line":99,"column":8}},"18":{"start":{"line":101,"column":6},"end":{"line":111,"column":7}},"19":{"start":{"line":102,"column":35},"end":{"line":108,"column":10}},"20":{"start":{"line":109,"column":8},"end":{"line":109,"column":25}},"21":{"start":{"line":110,"column":8},"end":{"line":110,"column":15}},"22":{"start":{"line":113,"column":6},"end":{"line":118,"column":10}},"23":{"start":{"line":113,"column":30},"end":{"line":118,"column":8}},"24":{"start":{"line":120,"column":39},"end":{"line":127,"column":8}},"25":{"start":{"line":128,"column":6},"end":{"line":128,"column":29}},"26":{"start":{"line":135,"column":26},"end":{"line":152,"column":8}},"27":{"start":{"line":138,"column":43},"end":{"line":149,"column":6}},"28":{"start":{"line":151,"column":4},"end":{"line":151,"column":38}},"29":{"start":{"line":157,"column":26},"end":{"line":170,"column":8}},"30":{"start":{"line":160,"column":51},"end":{"line":167,"column":6}},"31":{"start":{"line":169,"column":4},"end":{"line":169,"column":35}},"32":{"start":{"line":175,"column":22},"end":{"line":183,"column":8}},"33":{"start":{"line":176,"column":4},"end":{"line":182,"column":8}},"34":{"start":{"line":176,"column":28},"end":{"line":182,"column":6}},"35":{"start":{"line":188,"column":27},"end":{"line":196,"column":8}},"36":{"start":{"line":189,"column":4},"end":{"line":195,"column":8}},"37":{"start":{"line":189,"column":28},"end":{"line":195,"column":6}},"38":{"start":{"line":201,"column":21},"end":{"line":209,"column":65}},"39":{"start":{"line":202,"column":4},"end":{"line":202,"column":47}},"40":{"start":{"line":202,"column":40},"end":{"line":202,"column":47}},"41":{"start":{"line":204,"column":4},"end":{"line":208,"column":7}},"42":{"start":{"line":205,"column":22},"end":{"line":205,"column":54}},"43":{"start":{"line":206,"column":22},"end":{"line":206,"column":66}},"44":{"start":{"line":207,"column":6},"end":{"line":207,"column":21}},"45":{"start":{"line":214,"column":23},"end":{"line":258,"column":51}},"46":{"start":{"line":215,"column":4},"end":{"line":215,"column":62}},"47":{"start":{"line":215,"column":55},"end":{"line":215,"column":62}},"48":{"start":{"line":217,"column":4},"end":{"line":257,"column":5}},"49":{"start":{"line":218,"column":6},"end":{"line":218,"column":84}},"50":{"start":{"line":218,"column":30},"end":{"line":218,"column":81}},"51":{"start":{"line":220,"column":20},"end":{"line":223,"column":8}},"52":{"start":{"line":225,"column":6},"end":{"line":244,"column":7}},"53":{"start":{"line":226,"column":41},"end":{"line":239,"column":10}},"54":{"start":{"line":241,"column":8},"end":{"line":241,"column":31}},"55":{"start":{"line":243,"column":8},"end":{"line":243,"column":51}},"56":{"start":{"line":246,"column":39},"end":{"line":253,"column":8}},"57":{"start":{"line":254,"column":6},"end":{"line":254,"column":29}},"58":{"start":{"line":256,"column":6},"end":{"line":256,"column":81}},"59":{"start":{"line":256,"column":30},"end":{"line":256,"column":78}},"60":{"start":{"line":263,"column":26},"end":{"line":300,"column":26}},"61":{"start":{"line":264,"column":4},"end":{"line":299,"column":5}},"62":{"start":{"line":265,"column":21},"end":{"line":270,"column":8}},"63":{"start":{"line":272,"column":6},"end":{"line":289,"column":7}},"64":{"start":{"line":273,"column":22},"end":{"line":273,"column":38}},"65":{"start":{"line":274,"column":41},"end":{"line":286,"column":10}},"66":{"start":{"line":288,"column":8},"end":{"line":288,"column":31}},"67":{"start":{"line":291,"column":39},"end":{"line":297,"column":8}},"68":{"start":{"line":298,"column":6},"end":{"line":298,"column":29}},"69":{"start":{"line":303,"column":2},"end":{"line":305,"column":25}},"70":{"start":{"line":304,"column":4},"end":{"line":304,"column":23}},"71":{"start":{"line":308,"column":2},"end":{"line":324,"column":61}},"72":{"start":{"line":309,"column":4},"end":{"line":317,"column":5}},"73":{"start":{"line":310,"column":6},"end":{"line":310,"column":24}},"74":{"start":{"line":311,"column":6},"end":{"line":311,"column":24}},"75":{"start":{"line":314,"column":6},"end":{"line":316,"column":15}},"76":{"start":{"line":315,"column":8},"end":{"line":315,"column":31}},"77":{"start":{"line":319,"column":4},"end":{"line":323,"column":6}},"78":{"start":{"line":320,"column":6},"end":{"line":322,"column":7}},"79":{"start":{"line":321,"column":8},"end":{"line":321,"column":49}},"80":{"start":{"line":327,"column":2},"end":{"line":336,"column":3}},"81":{"start":{"line":328,"column":4},"end":{"line":335,"column":6}},"82":{"start":{"line":338,"column":2},"end":{"line":440,"column":4}},"83":{"start":{"line":357,"column":16},"end":{"line":357,"column":34}},"84":{"start":{"line":363,"column":31},"end":{"line":363,"column":53}},"85":{"start":{"line":432,"column":27},"end":{"line":432,"column":57}},"86":{"start":{"line":443,"column":15},"end":{"line":601,"column":2}},"87":{"start":{"line":603,"column":0},"end":{"line":603,"column":26}}},"fnMap":{"0":{"name":"CameraView","decl":{"start":{"line":56,"column":9},"end":{"line":56,"column":19}},"loc":{"start":{"line":61,"column":18},"end":{"line":441,"column":1}}},"1":{"name":"(anonymous_10)","decl":{"start":{"line":91,"column":39},"end":{"line":91,"column":44}},"loc":{"start":{"line":91,"column":50},"end":{"line":130,"column":3}}},"2":{"name":"(anonymous_11)","decl":{"start":{"line":93,"column":21},"end":{"line":93,"column":25}},"loc":{"start":{"line":93,"column":30},"end":{"line":93,"column":65}}},"3":{"name":"(anonymous_12)","decl":{"start":{"line":113,"column":21},"end":{"line":113,"column":25}},"loc":{"start":{"line":113,"column":30},"end":{"line":118,"column":8}}},"4":{"name":"(anonymous_13)","decl":{"start":{"line":135,"column":38},"end":{"line":135,"column":43}},"loc":{"start":{"line":135,"column":49},"end":{"line":152,"column":3}}},"5":{"name":"(anonymous_14)","decl":{"start":{"line":157,"column":38},"end":{"line":157,"column":43}},"loc":{"start":{"line":157,"column":49},"end":{"line":170,"column":3}}},"6":{"name":"(anonymous_15)","decl":{"start":{"line":175,"column":34},"end":{"line":175,"column":37}},"loc":{"start":{"line":175,"column":39},"end":{"line":183,"column":3}}},"7":{"name":"(anonymous_16)","decl":{"start":{"line":176,"column":19},"end":{"line":176,"column":23}},"loc":{"start":{"line":176,"column":28},"end":{"line":182,"column":6}}},"8":{"name":"(anonymous_17)","decl":{"start":{"line":188,"column":39},"end":{"line":188,"column":42}},"loc":{"start":{"line":188,"column":44},"end":{"line":196,"column":3}}},"9":{"name":"(anonymous_18)","decl":{"start":{"line":189,"column":19},"end":{"line":189,"column":23}},"loc":{"start":{"line":189,"column":28},"end":{"line":195,"column":6}}},"10":{"name":"(anonymous_19)","decl":{"start":{"line":201,"column":33},"end":{"line":201,"column":34}},"loc":{"start":{"line":201,"column":51},"end":{"line":209,"column":3}}},"11":{"name":"(anonymous_20)","decl":{"start":{"line":204,"column":17},"end":{"line":204,"column":21}},"loc":{"start":{"line":204,"column":24},"end":{"line":208,"column":5}}},"12":{"name":"(anonymous_21)","decl":{"start":{"line":214,"column":35},"end":{"line":214,"column":40}},"loc":{"start":{"line":214,"column":46},"end":{"line":258,"column":3}}},"13":{"name":"(anonymous_22)","decl":{"start":{"line":218,"column":21},"end":{"line":218,"column":25}},"loc":{"start":{"line":218,"column":30},"end":{"line":218,"column":81}}},"14":{"name":"(anonymous_23)","decl":{"start":{"line":256,"column":21},"end":{"line":256,"column":25}},"loc":{"start":{"line":256,"column":30},"end":{"line":256,"column":78}}},"15":{"name":"(anonymous_24)","decl":{"start":{"line":263,"column":38},"end":{"line":263,"column":43}},"loc":{"start":{"line":263,"column":49},"end":{"line":300,"column":3}}},"16":{"name":"(anonymous_25)","decl":{"start":{"line":303,"column":12},"end":{"line":303,"column":15}},"loc":{"start":{"line":303,"column":17},"end":{"line":305,"column":3}}},"17":{"name":"(anonymous_26)","decl":{"start":{"line":308,"column":12},"end":{"line":308,"column":15}},"loc":{"start":{"line":308,"column":17},"end":{"line":324,"column":3}}},"18":{"name":"(anonymous_27)","decl":{"start":{"line":314,"column":46},"end":{"line":314,"column":49}},"loc":{"start":{"line":314,"column":51},"end":{"line":316,"column":7}}},"19":{"name":"(anonymous_28)","decl":{"start":{"line":319,"column":11},"end":{"line":319,"column":14}},"loc":{"start":{"line":319,"column":16},"end":{"line":323,"column":5}}},"20":{"name":"(anonymous_29)","decl":{"start":{"line":356,"column":45},"end":{"line":356,"column":46}},"loc":{"start":{"line":357,"column":16},"end":{"line":357,"column":34}}},"21":{"name":"(anonymous_30)","decl":{"start":{"line":363,"column":25},"end":{"line":363,"column":28}},"loc":{"start":{"line":363,"column":31},"end":{"line":363,"column":53}}},"22":{"name":"(anonymous_31)","decl":{"start":{"line":432,"column":21},"end":{"line":432,"column":24}},"loc":{"start":{"line":432,"column":27},"end":{"line":432,"column":57}}}},"branchMap":{"0":{"loc":{"start":{"line":101,"column":6},"end":{"line":111,"column":7}},"type":"if","locations":[{"start":{"line":101,"column":6},"end":{"line":111,"column":7}}]},"1":{"loc":{"start":{"line":123,"column":17},"end":{"line":123,"column":73}},"type":"cond-expr","locations":[{"start":{"line":123,"column":42},"end":{"line":123,"column":55}},{"start":{"line":123,"column":58},"end":{"line":123,"column":73}}]},"2":{"loc":{"start":{"line":180,"column":19},"end":{"line":180,"column":65}},"type":"cond-expr","locations":[{"start":{"line":180,"column":53},"end":{"line":180,"column":57}},{"start":{"line":180,"column":60},"end":{"line":180,"column":65}}]},"3":{"loc":{"start":{"line":193,"column":14},"end":{"line":193,"column":60}},"type":"cond-expr","locations":[{"start":{"line":193,"column":44},"end":{"line":193,"column":51}},{"start":{"line":193,"column":54},"end":{"line":193,"column":60}}]},"4":{"loc":{"start":{"line":202,"column":4},"end":{"line":202,"column":47}},"type":"if","locations":[{"start":{"line":202,"column":4},"end":{"line":202,"column":47}}]},"5":{"loc":{"start":{"line":205,"column":22},"end":{"line":205,"column":54}},"type":"binary-expr","locations":[{"start":{"line":205,"column":22},"end":{"line":205,"column":48}},{"start":{"line":205,"column":52},"end":{"line":205,"column":54}}]},"6":{"loc":{"start":{"line":215,"column":4},"end":{"line":215,"column":62}},"type":"if","locations":[{"start":{"line":215,"column":4},"end":{"line":215,"column":62}}]},"7":{"loc":{"start":{"line":215,"column":8},"end":{"line":215,"column":53}},"type":"binary-expr","locations":[{"start":{"line":215,"column":8},"end":{"line":215,"column":26}},{"start":{"line":215,"column":30},"end":{"line":215,"column":53}}]},"8":{"loc":{"start":{"line":225,"column":6},"end":{"line":244,"column":7}},"type":"if","locations":[{"start":{"line":225,"column":6},"end":{"line":244,"column":7}},{"start":{"line":242,"column":13},"end":{"line":244,"column":7}}]},"9":{"loc":{"start":{"line":232,"column":21},"end":{"line":232,"column":37}},"type":"binary-expr","locations":[{"start":{"line":232,"column":21},"end":{"line":232,"column":32}},{"start":{"line":232,"column":36},"end":{"line":232,"column":37}}]},"10":{"loc":{"start":{"line":233,"column":22},"end":{"line":233,"column":39}},"type":"binary-expr","locations":[{"start":{"line":233,"column":22},"end":{"line":233,"column":34}},{"start":{"line":233,"column":38},"end":{"line":233,"column":39}}]},"11":{"loc":{"start":{"line":249,"column":17},"end":{"line":249,"column":73}},"type":"cond-expr","locations":[{"start":{"line":249,"column":42},"end":{"line":249,"column":55}},{"start":{"line":249,"column":58},"end":{"line":249,"column":73}}]},"12":{"loc":{"start":{"line":272,"column":6},"end":{"line":289,"column":7}},"type":"if","locations":[{"start":{"line":272,"column":6},"end":{"line":289,"column":7}}]},"13":{"loc":{"start":{"line":272,"column":10},"end":{"line":272,"column":46}},"type":"binary-expr","locations":[{"start":{"line":272,"column":10},"end":{"line":272,"column":26}},{"start":{"line":272,"column":30},"end":{"line":272,"column":46}}]},"14":{"loc":{"start":{"line":279,"column":21},"end":{"line":279,"column":37}},"type":"binary-expr","locations":[{"start":{"line":279,"column":21},"end":{"line":279,"column":32}},{"start":{"line":279,"column":36},"end":{"line":279,"column":37}}]},"15":{"loc":{"start":{"line":280,"column":22},"end":{"line":280,"column":39}},"type":"binary-expr","locations":[{"start":{"line":280,"column":22},"end":{"line":280,"column":34}},{"start":{"line":280,"column":38},"end":{"line":280,"column":39}}]},"16":{"loc":{"start":{"line":282,"column":22},"end":{"line":282,"column":41}},"type":"binary-expr","locations":[{"start":{"line":282,"column":22},"end":{"line":282,"column":36}},{"start":{"line":282,"column":40},"end":{"line":282,"column":41}}]},"17":{"loc":{"start":{"line":294,"column":17},"end":{"line":294,"column":73}},"type":"cond-expr","locations":[{"start":{"line":294,"column":42},"end":{"line":294,"column":55}},{"start":{"line":294,"column":58},"end":{"line":294,"column":73}}]},"18":{"loc":{"start":{"line":309,"column":4},"end":{"line":317,"column":5}},"type":"if","locations":[{"start":{"line":309,"column":4},"end":{"line":317,"column":5}}]},"19":{"loc":{"start":{"line":320,"column":6},"end":{"line":322,"column":7}},"type":"if","locations":[{"start":{"line":320,"column":6},"end":{"line":322,"column":7}}]},"20":{"loc":{"start":{"line":327,"column":2},"end":{"line":336,"column":3}},"type":"if","locations":[{"start":{"line":327,"column":2},"end":{"line":336,"column":3}}]},"21":{"loc":{"start":{"line":327,"column":6},"end":{"line":327,"column":73}},"type":"binary-expr","locations":[{"start":{"line":327,"column":6},"end":{"line":327,"column":43}},{"start":{"line":327,"column":47},"end":{"line":327,"column":73}}]},"22":{"loc":{"start":{"line":332,"column":11},"end":{"line":332,"column":105}},"type":"cond-expr","locations":[{"start":{"line":332,"column":51},"end":{"line":332,"column":75}},{"start":{"line":332,"column":78},"end":{"line":332,"column":105}}]},"23":{"loc":{"start":{"line":352,"column":9},"end":{"line":368,"column":null}},"type":"binary-expr","locations":[{"start":{"line":352,"column":9},"end":{"line":352,"column":21}},{"start":{"line":352,"column":25},"end":{"line":352,"column":38}},{"start":{"line":353,"column":10},"end":{"line":367,"column":null}}]},"24":{"loc":{"start":{"line":384,"column":15},"end":{"line":386,"column":68}},"type":"cond-expr","locations":[{"start":{"line":384,"column":56},"end":{"line":384,"column":59}},{"start":{"line":385,"column":16},"end":{"line":386,"column":68}}]},"25":{"loc":{"start":{"line":385,"column":16},"end":{"line":386,"column":68}},"type":"cond-expr","locations":[{"start":{"line":385,"column":58},"end":{"line":385,"column":62}},{"start":{"line":386,"column":16},"end":{"line":386,"column":68}}]},"26":{"loc":{"start":{"line":386,"column":16},"end":{"line":386,"column":68}},"type":"cond-expr","locations":[{"start":{"line":386,"column":56},"end":{"line":386,"column":61}},{"start":{"line":386,"column":64},"end":{"line":386,"column":68}}]},"27":{"loc":{"start":{"line":396,"column":9},"end":{"line":401,"column":null}},"type":"binary-expr","locations":[{"start":{"line":396,"column":9},"end":{"line":396,"column":25}},{"start":{"line":397,"column":10},"end":{"line":400,"column":null}}]},"28":{"loc":{"start":{"line":417,"column":14},"end":{"line":417,"column":69}},"type":"binary-expr","locations":[{"start":{"line":417,"column":14},"end":{"line":417,"column":37}},{"start":{"line":417,"column":41},"end":{"line":417,"column":69}}]},"29":{"loc":{"start":{"line":423,"column":13},"end":{"line":426,"column":null}},"type":"cond-expr","locations":[{"start":{"line":424,"column":14},"end":{"line":424,"column":62}},{"start":{"line":426,"column":14},"end":{"line":426,"column":56}}]}},"s":{"0":0,"1":0,"2":0,"3":0,"4":0,"5":0,"6":0,"7":0,"8":0,"9":0,"10":0,"11":0,"12":0,"13":0,"14":0,"15":0,"16":0,"17":0,"18":0,"19":0,"20":0,"21":0,"22":0,"23":0,"24":0,"25":0,"26":0,"27":0,"28":0,"29":0,"30":0,"31":0,"32":0,"33":0,"34":0,"35":0,"36":0,"37":0,"38":0,"39":0,"40":0,"41":0,"42":0,"43":0,"44":0,"45":0,"46":0,"47":0,"48":0,"49":0,"50":0,"51":0,"52":0,"53":0,"54":0,"55":0,"56":0,"57":0,"58":0,"59":0,"60":0,"61":0,"62":0,"63":0,"64":0,"65":0,"66":0,"67":0,"68":0,"69":0,"70":0,"71":0,"72":0,"73":0,"74":0,"75":0,"76":0,"77":0,"78":0,"79":0,"80":0,"81":0,"82":0,"83":0,"84":0,"85":0,"86":0,"87":0},"f":{"0":0,"1":0,"2":0,"3":0,"4":0,"5":0,"6":0,"7":0,"8":0,"9":0,"10":0,"11":0,"12":0,"13":0,"14":0,"15":0,"16":0,"17":0,"18":0,"19":0,"20":0,"21":0,"22":0},"b":{"0":[0],"1":[0,0],"2":[0,0],"3":[0,0],"4":[0],"5":[0,0],"6":[0],"7":[0,0],"8":[0,0],"9":[0,0],"10":[0,0],"11":[0,0],"12":[0],"13":[0,0],"14":[0,0],"15":[0,0],"16":[0,0],"17":[0,0],"18":[0],"19":[0],"20":[0],"21":[0,0],"22":[0,0],"23":[0,0,0],"24":[0,0],"25":[0,0],"26":[0,0],"27":[0,0],"28":[0,0],"29":[0,0]}}
,"C:\\Users\\User\\Gauntlet\\practice\\LeafWise\\src\\features\\camera\\utils\\permissions.ts": {"path":"C:\\Users\\User\\Gauntlet\\practice\\LeafWise\\src\\features\\camera\\utils\\permissions.ts","statementMap":{"0":{"start":{"line":51,"column":0},"end":{"line":51,"column":7}},"1":{"start":{"line":69,"column":0},"end":{"line":69,"column":7}},"2":{"start":{"line":106,"column":0},"end":{"line":106,"column":7}},"3":{"start":{"line":123,"column":0},"end":{"line":123,"column":7}},"4":{"start":{"line":156,"column":0},"end":{"line":156,"column":7}},"5":{"start":{"line":195,"column":0},"end":{"line":195,"column":7}},"6":{"start":{"line":218,"column":0},"end":{"line":218,"column":7}},"7":{"start":{"line":262,"column":0},"end":{"line":262,"column":7}},"8":{"start":{"line":276,"column":0},"end":{"line":276,"column":16}},"9":{"start":{"line":292,"column":0},"end":{"line":292,"column":16}},"10":{"start":{"line":8,"column":0},"end":{"line":8,"column":56}},"11":{"start":{"line":24,"column":20},"end":{"line":31,"column":4}},"12":{"start":{"line":33,"column":2},"end":{"line":33,"column":55}},"13":{"start":{"line":41,"column":2},"end":{"line":43,"column":3}},"14":{"start":{"line":42,"column":4},"end":{"line":42,"column":35}},"15":{"start":{"line":44,"column":2},"end":{"line":44,"column":37}},"16":{"start":{"line":61,"column":2},"end":{"line":61,"column":24}},"17":{"start":{"line":72,"column":2},"end":{"line":99,"column":3}},"18":{"start":{"line":74,"column":4},"end":{"line":79,"column":5}},"19":{"start":{"line":75,"column":34},"end":{"line":75,"column":71}},"20":{"start":{"line":76,"column":6},"end":{"line":78,"column":7}},"21":{"start":{"line":77,"column":8},"end":{"line":77,"column":47}},"22":{"start":{"line":86,"column":43},"end":{"line":86,"column":52}},"23":{"start":{"line":88,"column":4},"end":{"line":92,"column":6}},"24":{"start":{"line":94,"column":4},"end":{"line":98,"column":6}},"25":{"start":{"line":107,"column":2},"end":{"line":112,"column":3}},"26":{"start":{"line":110,"column":26},"end":{"line":110,"column":55}},"27":{"start":{"line":111,"column":4},"end":{"line":111,"column":38}},"28":{"start":{"line":115,"column":2},"end":{"line":115,"column":15}},"29":{"start":{"line":126,"column":2},"end":{"line":148,"column":5}},"30":{"start":{"line":127,"column":18},"end":{"line":127,"column":72}},"31":{"start":{"line":128,"column":20},"end":{"line":130,"column":92}},"32":{"start":{"line":132,"column":4},"end":{"line":147,"column":6}},"33":{"start":{"line":139,"column":25},"end":{"line":139,"column":34}},"34":{"start":{"line":143,"column":25},"end":{"line":143,"column":34}},"35":{"start":{"line":159,"column":2},"end":{"line":188,"column":5}},"36":{"start":{"line":160,"column":18},"end":{"line":160,"column":40}},"37":{"start":{"line":161,"column":20},"end":{"line":163,"column":114}},"38":{"start":{"line":165,"column":20},"end":{"line":185,"column":10}},"39":{"start":{"line":170,"column":27},"end":{"line":170,"column":36}},"40":{"start":{"line":175,"column":14},"end":{"line":175,"column":38}},"41":{"start":{"line":176,"column":14},"end":{"line":176,"column":24}},"42":{"start":{"line":183,"column":27},"end":{"line":183,"column":36}},"43":{"start":{"line":187,"column":4},"end":{"line":187,"column":64}},"44":{"start":{"line":196,"column":2},"end":{"line":209,"column":3}},"45":{"start":{"line":201,"column":4},"end":{"line":205,"column":5}},"46":{"start":{"line":202,"column":6},"end":{"line":202,"column":45}},"47":{"start":{"line":204,"column":6},"end":{"line":204,"column":57}},"48":{"start":{"line":208,"column":4},"end":{"line":208,"column":33}},"49":{"start":{"line":221,"column":2},"end":{"line":255,"column":3}},"50":{"start":{"line":223,"column":17},"end":{"line":223,"column":46}},"51":{"start":{"line":226,"column":4},"end":{"line":228,"column":5}},"52":{"start":{"line":227,"column":6},"end":{"line":227,"column":20}},"53":{"start":{"line":231,"column":4},"end":{"line":234,"column":5}},"54":{"start":{"line":232,"column":6},"end":{"line":232,"column":45}},"55":{"start":{"line":233,"column":6},"end":{"line":233,"column":20}},"56":{"start":{"line":237,"column":4},"end":{"line":250,"column":5}},"57":{"start":{"line":238,"column":21},"end":{"line":242,"column":8}},"58":{"start":{"line":244,"column":6},"end":{"line":244,"column":29}},"59":{"start":{"line":247,"column":6},"end":{"line":249,"column":7}},"60":{"start":{"line":248,"column":8},"end":{"line":248,"column":62}},"61":{"start":{"line":252,"column":4},"end":{"line":252,"column":18}},"62":{"start":{"line":254,"column":4},"end":{"line":254,"column":20}},"63":{"start":{"line":263,"column":2},"end":{"line":268,"column":3}},"64":{"start":{"line":264,"column":19},"end":{"line":264,"column":48}},"65":{"start":{"line":265,"column":4},"end":{"line":265,"column":32}},"66":{"start":{"line":267,"column":4},"end":{"line":267,"column":17}},"67":{"start":{"line":277,"column":19},"end":{"line":282,"column":4}},"68":{"start":{"line":284,"column":2},"end":{"line":284,"column":61}},"69":{"start":{"line":293,"column":19},"end":{"line":310,"column":4}},"70":{"start":{"line":312,"column":2},"end":{"line":312,"column":70}}},"fnMap":{"0":{"name":"_mapPermissionStatus","decl":{"start":{"line":23,"column":9},"end":{"line":23,"column":29}},"loc":{"start":{"line":23,"column":50},"end":{"line":34,"column":1}}},"1":{"name":"_getCameraPermission","decl":{"start":{"line":40,"column":9},"end":{"line":40,"column":29}},"loc":{"start":{"line":40,"column":29},"end":{"line":45,"column":1}}},"2":{"name":"checkCameraPermission","decl":{"start":{"line":51,"column":22},"end":{"line":51,"column":43}},"loc":{"start":{"line":51,"column":43},"end":{"line":62,"column":1}}},"3":{"name":"requestCameraPermission","decl":{"start":{"line":69,"column":22},"end":{"line":69,"column":45}},"loc":{"start":{"line":70,"column":39},"end":{"line":100,"column":1}}},"4":{"name":"shouldShowPermissionRationale","decl":{"start":{"line":106,"column":22},"end":{"line":106,"column":51}},"loc":{"start":{"line":106,"column":51},"end":{"line":116,"column":1}}},"5":{"name":"showPermissionRationale","decl":{"start":{"line":123,"column":22},"end":{"line":123,"column":45}},"loc":{"start":{"line":124,"column":34},"end":{"line":149,"column":1}}},"6":{"name":"(anonymous_6)","decl":{"start":{"line":126,"column":21},"end":{"line":126,"column":22}},"loc":{"start":{"line":126,"column":33},"end":{"line":148,"column":3}}},"7":{"name":"(anonymous_7)","decl":{"start":{"line":139,"column":19},"end":{"line":139,"column":22}},"loc":{"start":{"line":139,"column":25},"end":{"line":139,"column":34}}},"8":{"name":"(anonymous_8)","decl":{"start":{"line":143,"column":19},"end":{"line":143,"column":22}},"loc":{"start":{"line":143,"column":25},"end":{"line":143,"column":34}}},"9":{"name":"showPermissionDeniedDialog","decl":{"start":{"line":156,"column":22},"end":{"line":156,"column":48}},"loc":{"start":{"line":157,"column":38},"end":{"line":189,"column":1}}},"10":{"name":"(anonymous_10)","decl":{"start":{"line":159,"column":21},"end":{"line":159,"column":22}},"loc":{"start":{"line":159,"column":33},"end":{"line":188,"column":3}}},"11":{"name":"(anonymous_11)","decl":{"start":{"line":170,"column":21},"end":{"line":170,"column":24}},"loc":{"start":{"line":170,"column":27},"end":{"line":170,"column":36}}},"12":{"name":"(anonymous_12)","decl":{"start":{"line":174,"column":21},"end":{"line":174,"column":26}},"loc":{"start":{"line":174,"column":32},"end":{"line":177,"column":13}}},"13":{"name":"(anonymous_13)","decl":{"start":{"line":183,"column":21},"end":{"line":183,"column":24}},"loc":{"start":{"line":183,"column":27},"end":{"line":183,"column":36}}},"14":{"name":"openAppSettings","decl":{"start":{"line":195,"column":22},"end":{"line":195,"column":37}},"loc":{"start":{"line":195,"column":37},"end":{"line":210,"column":1}}},"15":{"name":"ensureCameraPermission","decl":{"start":{"line":218,"column":22},"end":{"line":218,"column":44}},"loc":{"start":{"line":219,"column":39},"end":{"line":256,"column":1}}},"16":{"name":"isCameraAvailable","decl":{"start":{"line":262,"column":22},"end":{"line":262,"column":39}},"loc":{"start":{"line":262,"column":39},"end":{"line":269,"column":1}}},"17":{"name":"getPermissionStatusMessage","decl":{"start":{"line":276,"column":16},"end":{"line":276,"column":42}},"loc":{"start":{"line":276,"column":73},"end":{"line":285,"column":1}}},"18":{"name":"getPermissionGuidance","decl":{"start":{"line":292,"column":16},"end":{"line":292,"column":37}},"loc":{"start":{"line":292,"column":68},"end":{"line":313,"column":1}}}},"branchMap":{"0":{"loc":{"start":{"line":33,"column":9},"end":{"line":33,"column":54}},"type":"binary-expr","locations":[{"start":{"line":33,"column":9},"end":{"line":33,"column":36}},{"start":{"line":33,"column":40},"end":{"line":33,"column":54}}]},"1":{"loc":{"start":{"line":41,"column":2},"end":{"line":43,"column":3}},"type":"if","locations":[{"start":{"line":41,"column":2},"end":{"line":43,"column":3}}]},"2":{"loc":{"start":{"line":70,"column":2},"end":{"line":70,"column":39}},"type":"default-arg","locations":[{"start":{"line":70,"column":37},"end":{"line":70,"column":39}}]},"3":{"loc":{"start":{"line":74,"column":4},"end":{"line":79,"column":5}},"type":"if","locations":[{"start":{"line":74,"column":4},"end":{"line":79,"column":5}}]},"4":{"loc":{"start":{"line":76,"column":6},"end":{"line":78,"column":7}},"type":"if","locations":[{"start":{"line":76,"column":6},"end":{"line":78,"column":7}}]},"5":{"loc":{"start":{"line":90,"column":20},"end":{"line":90,"column":121}},"type":"binary-expr","locations":[{"start":{"line":90,"column":20},"end":{"line":90,"column":66}},{"start":{"line":90,"column":71},"end":{"line":90,"column":121}}]},"6":{"loc":{"start":{"line":107,"column":2},"end":{"line":112,"column":3}},"type":"if","locations":[{"start":{"line":107,"column":2},"end":{"line":112,"column":3}}]},"7":{"loc":{"start":{"line":127,"column":18},"end":{"line":127,"column":72}},"type":"binary-expr","locations":[{"start":{"line":127,"column":18},"end":{"line":127,"column":40}},{"start":{"line":127,"column":44},"end":{"line":127,"column":72}}]},"8":{"loc":{"start":{"line":128,"column":20},"end":{"line":130,"column":92}},"type":"binary-expr","locations":[{"start":{"line":128,"column":20},"end":{"line":128,"column":44}},{"start":{"line":129,"column":6},"end":{"line":130,"column":92}}]},"9":{"loc":{"start":{"line":157,"column":2},"end":{"line":157,"column":38}},"type":"default-arg","locations":[{"start":{"line":157,"column":33},"end":{"line":157,"column":38}}]},"10":{"loc":{"start":{"line":161,"column":20},"end":{"line":163,"column":114}},"type":"cond-expr","locations":[{"start":{"line":162,"column":8},"end":{"line":162,"column":118}},{"start":{"line":163,"column":8},"end":{"line":163,"column":114}}]},"11":{"loc":{"start":{"line":165,"column":20},"end":{"line":185,"column":10}},"type":"cond-expr","locations":[{"start":{"line":166,"column":8},"end":{"line":179,"column":null}},{"start":{"line":180,"column":8},"end":{"line":185,"column":10}}]},"12":{"loc":{"start":{"line":201,"column":4},"end":{"line":205,"column":5}},"type":"if","locations":[{"start":{"line":201,"column":4},"end":{"line":205,"column":5}},{"start":{"line":203,"column":11},"end":{"line":205,"column":5}}]},"13":{"loc":{"start":{"line":219,"column":2},"end":{"line":219,"column":39}},"type":"default-arg","locations":[{"start":{"line":219,"column":37},"end":{"line":219,"column":39}}]},"14":{"loc":{"start":{"line":226,"column":4},"end":{"line":228,"column":5}},"type":"if","locations":[{"start":{"line":226,"column":4},"end":{"line":228,"column":5}}]},"15":{"loc":{"start":{"line":231,"column":4},"end":{"line":234,"column":5}},"type":"if","locations":[{"start":{"line":231,"column":4},"end":{"line":234,"column":5}}]},"16":{"loc":{"start":{"line":237,"column":4},"end":{"line":250,"column":5}},"type":"if","locations":[{"start":{"line":237,"column":4},"end":{"line":250,"column":5}}]},"17":{"loc":{"start":{"line":237,"column":8},"end":{"line":237,"column":56}},"type":"binary-expr","locations":[{"start":{"line":237,"column":8},"end":{"line":237,"column":33}},{"start":{"line":237,"column":37},"end":{"line":237,"column":56}}]},"18":{"loc":{"start":{"line":247,"column":6},"end":{"line":249,"column":7}},"type":"if","locations":[{"start":{"line":247,"column":6},"end":{"line":249,"column":7}}]},"19":{"loc":{"start":{"line":284,"column":9},"end":{"line":284,"column":60}},"type":"binary-expr","locations":[{"start":{"line":284,"column":9},"end":{"line":284,"column":29}},{"start":{"line":284,"column":33},"end":{"line":284,"column":60}}]},"20":{"loc":{"start":{"line":312,"column":9},"end":{"line":312,"column":69}},"type":"binary-expr","locations":[{"start":{"line":312,"column":9},"end":{"line":312,"column":29}},{"start":{"line":312,"column":33},"end":{"line":312,"column":69}}]}},"s":{"0":0,"1":0,"2":0,"3":0,"4":0,"5":0,"6":0,"7":0,"8":0,"9":0,"10":0,"11":0,"12":0,"13":0,"14":0,"15":0,"16":0,"17":0,"18":0,"19":0,"20":0,"21":0,"22":0,"23":0,"24":0,"25":0,"26":0,"27":0,"28":0,"29":0,"30":0,"31":0,"32":0,"33":0,"34":0,"35":0,"36":0,"37":0,"38":0,"39":0,"40":0,"41":0,"42":0,"43":0,"44":0,"45":0,"46":0,"47":0,"48":0,"49":0,"50":0,"51":0,"52":0,"53":0,"54":0,"55":0,"56":0,"57":0,"58":0,"59":0,"60":0,"61":0,"62":0,"63":0,"64":0,"65":0,"66":0,"67":0,"68":0,"69":0,"70":0},"f":{"0":0,"1":0,"2":0,"3":0,"4":0,"5":0,"6":0,"7":0,"8":0,"9":0,"10":0,"11":0,"12":0,"13":0,"14":0,"15":0,"16":0,"17":0,"18":0},"b":{"0":[0,0],"1":[0],"2":[0],"3":[0],"4":[0],"5":[0,0],"6":[0],"7":[0,0],"8":[0,0],"9":[0],"10":[0,0],"11":[0,0],"12":[0,0],"13":[0],"14":[0],"15":[0],"16":[0],"17":[0,0],"18":[0],"19":[0,0],"20":[0,0]}}
}
