TN:
SF:src\app\App.tsx
FN:17,App
FNF:1
FNH:0
FNDA:0,App
DA:8,0
DA:9,0
DA:18,0
DA:30,0
DA:60,0
LF:5
LH:0
BRF:0
BRH:0
end_of_record
TN:
SF:src\features\camera\components\CameraView.tsx
FN:56,CameraView
FN:91,(anonymous_10)
FN:93,(anonymous_11)
FN:113,(anonymous_12)
FN:135,(anonymous_13)
FN:157,(anonymous_14)
FN:175,(anonymous_15)
FN:176,(anonymous_16)
FN:188,(anonymous_17)
FN:189,(anonymous_18)
FN:201,(anonymous_19)
FN:204,(anonymous_20)
FN:214,(anonymous_21)
FN:218,(anonymous_22)
FN:256,(anonymous_23)
FN:263,(anonymous_24)
FN:303,(anonymous_25)
FN:308,(anonymous_26)
FN:314,(anonymous_27)
FN:319,(anonymous_28)
FN:356,(anonymous_29)
FN:363,(anonymous_30)
FN:432,(anonymous_31)
FNF:23
FNH:0
FNDA:0,CameraView
FNDA:0,(anonymous_10)
FNDA:0,(anonymous_11)
FNDA:0,(anonymous_12)
FNDA:0,(anonymous_13)
FNDA:0,(anonymous_14)
FNDA:0,(anonymous_15)
FNDA:0,(anonymous_16)
FNDA:0,(anonymous_17)
FNDA:0,(anonymous_18)
FNDA:0,(anonymous_19)
FNDA:0,(anonymous_20)
FNDA:0,(anonymous_21)
FNDA:0,(anonymous_22)
FNDA:0,(anonymous_23)
FNDA:0,(anonymous_24)
FNDA:0,(anonymous_25)
FNDA:0,(anonymous_26)
FNDA:0,(anonymous_27)
FNDA:0,(anonymous_28)
FNDA:0,(anonymous_29)
FNDA:0,(anonymous_30)
FNDA:0,(anonymous_31)
DA:8,0
DA:14,0
DA:24,0
DA:25,0
DA:37,0
DA:39,0
DA:63,0
DA:80,0
DA:81,0
DA:82,0
DA:83,0
DA:85,0
DA:86,0
DA:91,0
DA:92,0
DA:93,0
DA:95,0
DA:101,0
DA:102,0
DA:109,0
DA:110,0
DA:113,0
DA:120,0
DA:128,0
DA:135,0
DA:138,0
DA:151,0
DA:157,0
DA:160,0
DA:169,0
DA:175,0
DA:176,0
DA:188,0
DA:189,0
DA:201,0
DA:202,0
DA:204,0
DA:205,0
DA:206,0
DA:207,0
DA:214,0
DA:215,0
DA:217,0
DA:218,0
DA:220,0
DA:225,0
DA:226,0
DA:241,0
DA:243,0
DA:246,0
DA:254,0
DA:256,0
DA:263,0
DA:264,0
DA:265,0
DA:272,0
DA:273,0
DA:274,0
DA:288,0
DA:291,0
DA:298,0
DA:303,0
DA:304,0
DA:308,0
DA:309,0
DA:310,0
DA:311,0
DA:314,0
DA:315,0
DA:319,0
DA:320,0
DA:321,0
DA:327,0
DA:328,0
DA:338,0
DA:357,0
DA:363,0
DA:432,0
DA:443,0
DA:603,0
LF:80
LH:0
BRDA:101,0,0,0
BRDA:123,1,0,0
BRDA:123,1,1,0
BRDA:180,2,0,0
BRDA:180,2,1,0
BRDA:193,3,0,0
BRDA:193,3,1,0
BRDA:202,4,0,0
BRDA:205,5,0,0
BRDA:205,5,1,0
BRDA:215,6,0,0
BRDA:215,7,0,0
BRDA:215,7,1,0
BRDA:225,8,0,0
BRDA:225,8,1,0
BRDA:232,9,0,0
BRDA:232,9,1,0
BRDA:233,10,0,0
BRDA:233,10,1,0
BRDA:249,11,0,0
BRDA:249,11,1,0
BRDA:272,12,0,0
BRDA:272,13,0,0
BRDA:272,13,1,0
BRDA:279,14,0,0
BRDA:279,14,1,0
BRDA:280,15,0,0
BRDA:280,15,1,0
BRDA:282,16,0,0
BRDA:282,16,1,0
BRDA:294,17,0,0
BRDA:294,17,1,0
BRDA:309,18,0,0
BRDA:320,19,0,0
BRDA:327,20,0,0
BRDA:327,21,0,0
BRDA:327,21,1,0
BRDA:332,22,0,0
BRDA:332,22,1,0
BRDA:352,23,0,0
BRDA:352,23,1,0
BRDA:352,23,2,0
BRDA:384,24,0,0
BRDA:384,24,1,0
BRDA:385,25,0,0
BRDA:385,25,1,0
BRDA:386,26,0,0
BRDA:386,26,1,0
BRDA:396,27,0,0
BRDA:396,27,1,0
BRDA:417,28,0,0
BRDA:417,28,1,0
BRDA:423,29,0,0
BRDA:423,29,1,0
BRF:54
BRH:0
end_of_record
TN:
SF:src\features\camera\utils\permissions.ts
FN:23,_mapPermissionStatus
FN:40,_getCameraPermission
FN:51,checkCameraPermission
FN:69,requestCameraPermission
FN:106,shouldShowPermissionRationale
FN:123,showPermissionRationale
FN:126,(anonymous_6)
FN:139,(anonymous_7)
FN:143,(anonymous_8)
FN:156,showPermissionDeniedDialog
FN:159,(anonymous_10)
FN:170,(anonymous_11)
FN:174,(anonymous_12)
FN:183,(anonymous_13)
FN:195,openAppSettings
FN:218,ensureCameraPermission
FN:262,isCameraAvailable
FN:276,getPermissionStatusMessage
FN:292,getPermissionGuidance
FNF:19
FNH:0
FNDA:0,_mapPermissionStatus
FNDA:0,_getCameraPermission
FNDA:0,checkCameraPermission
FNDA:0,requestCameraPermission
FNDA:0,shouldShowPermissionRationale
FNDA:0,showPermissionRationale
FNDA:0,(anonymous_6)
FNDA:0,(anonymous_7)
FNDA:0,(anonymous_8)
FNDA:0,showPermissionDeniedDialog
FNDA:0,(anonymous_10)
FNDA:0,(anonymous_11)
FNDA:0,(anonymous_12)
FNDA:0,(anonymous_13)
FNDA:0,openAppSettings
FNDA:0,ensureCameraPermission
FNDA:0,isCameraAvailable
FNDA:0,getPermissionStatusMessage
FNDA:0,getPermissionGuidance
DA:8,0
DA:24,0
DA:33,0
DA:41,0
DA:42,0
DA:44,0
DA:51,0
DA:61,0
DA:69,0
DA:72,0
DA:74,0
DA:75,0
DA:76,0
DA:77,0
DA:86,0
DA:88,0
DA:94,0
DA:106,0
DA:107,0
DA:110,0
DA:111,0
DA:115,0
DA:123,0
DA:126,0
DA:127,0
DA:128,0
DA:132,0
DA:139,0
DA:143,0
DA:156,0
DA:159,0
DA:160,0
DA:161,0
DA:165,0
DA:170,0
DA:175,0
DA:176,0
DA:183,0
DA:187,0
DA:195,0
DA:196,0
DA:201,0
DA:202,0
DA:204,0
DA:208,0
DA:218,0
DA:221,0
DA:223,0
DA:226,0
DA:227,0
DA:231,0
DA:232,0
DA:233,0
DA:237,0
DA:238,0
DA:244,0
DA:247,0
DA:248,0
DA:252,0
DA:254,0
DA:262,0
DA:263,0
DA:264,0
DA:265,0
DA:267,0
DA:276,0
DA:277,0
DA:284,0
DA:292,0
DA:293,0
DA:312,0
LF:71
LH:0
BRDA:33,0,0,0
BRDA:33,0,1,0
BRDA:41,1,0,0
BRDA:70,2,0,0
BRDA:74,3,0,0
BRDA:76,4,0,0
BRDA:90,5,0,0
BRDA:90,5,1,0
BRDA:107,6,0,0
BRDA:127,7,0,0
BRDA:127,7,1,0
BRDA:128,8,0,0
BRDA:128,8,1,0
BRDA:157,9,0,0
BRDA:161,10,0,0
BRDA:161,10,1,0
BRDA:165,11,0,0
BRDA:165,11,1,0
BRDA:201,12,0,0
BRDA:201,12,1,0
BRDA:219,13,0,0
BRDA:226,14,0,0
BRDA:231,15,0,0
BRDA:237,16,0,0
BRDA:237,17,0,0
BRDA:237,17,1,0
BRDA:247,18,0,0
BRDA:284,19,0,0
BRDA:284,19,1,0
BRDA:312,20,0,0
BRDA:312,20,1,0
BRF:31
BRH:0
end_of_record
